========================================================================
BH Entropy RT-Ratio Widom No-Go Theorem
========================================================================

Question: does r(L) = S_ent / (L * ln chi_eff) approach 1/4 on
the OBC L x L free-fermion half-filled square-lattice ground state?

Answer: no.  Widom-Gioev-Klich pins r_inf = 1/6 exactly; 1/4 is a
finite-L artifact.

------------------------------------------------------------------------
Part 1.  Widom-Gioev-Klich analytic coefficients
------------------------------------------------------------------------
  c_Widom(2D, diamond, straight cut) = 0.1666666667
  [PASS] c_Widom(2D) = 1/6 exactly  (value = 0.1666666667)
  [PASS] c_Widom(2D) != 1/4  (|1/6 - 1/4| = 0.083333)
  c_Widom(3D, half-filled cube, straight cut) = 0.105100  (Monte Carlo, N = 4e5)
  [PASS] c_Widom(3D) is stable and bounded  (value = 0.105100)
  [PASS] c_Widom(3D) != 1/4  (|c_3D - 1/4| = 0.144900)

------------------------------------------------------------------------
Part 2.  Numerical r(L) on OBC L x L lattice, half filling
------------------------------------------------------------------------
     L  chi_eff      S_ent       r(L)  dev_1/6%  dev_1/4%
  ----------------------------------------------------------
     8        8     4.0518     0.2436    +46.1%     -2.6%
    12       12     7.5373     0.2528    +51.7%     +1.1%
    16       16    10.8050     0.2436    +46.1%     -2.6%
    20       20    13.4592     0.2246    +34.8%    -10.1%
    24       24    17.4293     0.2285    +37.1%     -8.6%
    28       28    20.8224     0.2232    +33.9%    -10.7%
    32       32    24.4569     0.2205    +32.3%    -11.8%
    40       40    32.1418     0.2178    +30.7%    -12.9%
    48       48    39.7618     0.2140    +28.4%    -14.4%
    56       56    47.6994     0.2116    +27.0%    -15.4%
    64       64    56.2157     0.2112    +26.7%    -15.5%

------------------------------------------------------------------------
Part 3.  Asymptotic c_inf from r(L) = c_inf + a / ln(L)
------------------------------------------------------------------------
  [L >= 24]  c_inf = 0.154931  a = +0.2302    dev(1/6) = -7.04%  dev(1/4) = -38.03%
  [L >= 32]  c_inf = 0.160108  a = +0.2101    dev(1/6) = -3.94%  dev(1/4) = -35.96%
  [L >= 40]  c_inf = 0.156614  a = +0.2241    dev(1/6) = -6.03%  dev(1/4) = -37.35%
  [L >= 48]  c_inf = 0.172681  a = +0.1589    dev(1/6) = +3.61%  dev(1/4) = -30.93%

Verdict fit:  c_inf (L>=32) = 0.160108
              |c_inf - 1/6| / (1/6)  = 3.94%
              |c_inf - 1/4| / (1/4)  = 35.96%

------------------------------------------------------------------------
Part 4.  Theorem verification
------------------------------------------------------------------------
  [PASS] r(L) is monotone decreasing for L >= 28  (r(28)=0.2232 down to r(64)=0.2112)
  [PASS] r(L=64) < r(L=8)  (r(64) = 0.2112 < r(8) = 0.2436)
  [PASS] c_inf (L>=32 fit) within 10% of 1/6  (c_inf = 0.1601, |dev| = 3.94%)
  [PASS] c_inf (L>=32 fit) is NOT within 20% of 1/4  (|dev from 1/4| = 35.96%)
  [PASS] r(L=64) is at least 15% below 1/4  (r(64) = 0.2112, below-by = 15.5%)
  [PASS] THEOREM: lim_L r(L) = c_Widom = 1/6, NOT 1/4  (Widom-Gioev-Klich asymptote confirmed numerically; 1/4 rejected by >20% margin)
  [PASS] COROLLARY: existing BH entropy lane stays bounded  (the 1/4 in S_BH = A/(4 l_P^2) is not derived from free-fermion lattice entanglement on this carrier)

========================================================================
SUMMARY: PASS=11  FAIL=0
========================================================================

Runtime: 22.2 s

All checks passed. RT-ratio asymptote is c_Widom = 1/6, not 1/4.
The free-fermion lattice-entanglement route does NOT derive the
coefficient 1/4 in S_BH = A / (4 l_P^2).  The BH entropy lane
remains a bounded companion for this retained reason.
