==============================================================================
YT Class #7 -- Spontaneous C_{3[111]} Breaking Retention Analysis
==============================================================================

Outcome D (retained no-go): retained Cl(3)/Z^3 surface contains NO
spontaneous C_{3[111]}-breaking mechanism on the generation triplet.
Combined with Class #6 explicit no-go, C_{3[111]} is EXACT at both
Lagrangian and vacuum levels on the retained surface.

==============================================================================
Block 1: Retained foundations (inherited, not modified)
==============================================================================
  [PASS] C_{3[111]} unitary and order 3 on H_hw=1 (inherited from three-gen theorem)  (||C3^dag C3 - I|| = 0.00e+00, ||C3^3 - I|| = 0.00e+00)
  [PASS] P_1 + P_2 + P_3 = I on H_hw=1 (translation-character resolution)  (resolution error = 0.00e+00)
  [PASS] Ward Block 6 species uniformity: all 6 basis CGs = 1/sqrt(6) (inherited)  (all CGs = 0.4082482905)

==============================================================================
Block 2: Path A -- H_unit VEV on generation label is scalar (C_3-invariant)
==============================================================================
  [PASS] D17 normalization Z^2 = N_c * N_iso = 6 has NO generation factor  (Z^2 = 3 * 2 = 6; no gen label in D17)
  [PASS] H_unit restricted to H_hw=1 is scalar multiple of I_3 (no gen dep)  (H_unit|_{H_hw=1} = (1/sqrt(6)) * I_3 -- generation-scalar)
  [PASS] <H_unit>|_{H_hw=1} is C_{3[111]}-invariant (C_3 * V * C_3^dag = V)  (||C_3 <H_unit> C_3^dag - <H_unit>|| = 0.00e+00, VEV = 174.15 GeV)
  [PASS] <H_unit> = v/sqrt(2) = 174.15 GeV (retained EWSB scale)  (<H_unit> = 174.1463 GeV (v = 246.28))

==============================================================================
Block 3: Path B -- no generation-resolved retained scalar composite
==============================================================================
  [PASS] Off-diagonal <X_i X_j> = 0 for i != j via translation-character orthogonality  (max off-diagonal = 0.00e+00)
  [PASS] Diagonal <X_i X_i> entries are equal (Block 6 species uniformity on gen basis)  (max spread = 0.00e+00 on diag(m_diag))
  [PASS] Gen-indexed bilinear with gen-sum normalization has Z^2 = 18 != 6 (violates D17)  (Z^2_with_gen = 18, D17 requires Z^2 = 6)
  [PASS] Full retained bilinear VEV matrix is C_3-invariant (scalar on H_hw=1)  (C_3 invariance error = 0.00e+00)

==============================================================================
Block 4: Path C -- det(D+m) is C_{3[111]}-invariant on H_hw=1
==============================================================================
  [PASS] (D + m)|_{H_hw=1} commutes with C_{3[111]} on every gauge bg (gen-uniform)  (||[D + m, C_3]|| = 0.00e+00)
  [PASS] det(D + m)|_{H_hw=1} is pointwise C_{3[111]}-invariant  (|det - det_rot| = 0.00e+00)
  [PASS] Parallel to strong-CP: no radiative C_3-odd operator can be generated  (bare action has no C_3-breaking source; fermion det is C_3-even on bg)

==============================================================================
Block 5: Path D -- flavor Higgs would violate D9 (non-retained)
==============================================================================
  [PASS] Flavor Higgs Phi_ij on H_hw=1 x H_hw=1* has 18 real DoF (independent scalar)  (DoF = 18; adding these as independent violates D9)
  [PASS] D9 retained: only H_unit (composite) is a scalar; 2 real DoF total  (flavor Higgs Phi_ij adds 18 DoF beyond D9 -- non-retained)
  [PASS] Path D (flavor Higgs) is NON-RETAINED; requires new axiom replacing D9  (non-retained candidate primitive; parallel to Class #6 Primitive 4)

==============================================================================
Block 6: Path E -- retained CKM phase is explicit via Z_3 source
==============================================================================
  [PASS] Retained delta_std = arctan(sqrt(5)) = 65.905 deg  (delta_std = 65.905157 deg)
  [PASS] cos^2(delta_std) = 1/6 from the 1+5 projector on 6-dim quark block  (cos^2 = 0.166667, expected 1/6 = 0.166667)
  [PASS] Z_3 source has discrete cube-root eigenvalues (1, omega, omega^2)  (explicit discrete source, not spontaneous breaking of continuous flavor)
  [PASS] Z_3 characters sum to 0 (destructive on singlet, discrete flavor action)  (|sum| = 3.33e-16)
  [PASS] Retained gauge group: SU(3)_C x SU(2)_L x U(1)_Y; no continuous flavor  (Z_3 is explicit, not residual from spontaneous breaking of larger flavor)

==============================================================================
Block 7: Path F -- taste staircase preserves C_{3[111]} at every rung
==============================================================================
  [PASS] Ward ratio y/g_s = 1/sqrt(6) gen-symmetrically at each of 17 rungs  (rungs with y/g_s = 0.408248: 17/17)
  [PASS] S_3 taste-cube decomposition: C^8 ~= 4 A_1 + 2 E (total dim 8)  (total dim = 4 + 2*2 = 8)
  [PASS] Taste cube (dim 8) != generation triplet (dim 3); different structures  (taste=8, gen=3)
  [PASS] Hierarchy v/M_Pl = (7/8)^(1/4) * alpha_LM^16 is generation-blind (scalar)  ((7/8)^(1/4) = 0.96716821, alpha_LM^16 = 2.098e-17)

==============================================================================
Block 8: Numerical consistency with retained constants
==============================================================================
  [PASS] v = 246.28 GeV (retained EW scale from hierarchy theorem)  (v = 246.2800 GeV)
  [PASS] <H_unit> = v/sqrt(2) = 174.15 GeV (canonical EWSB VEV)  (<H_unit> = 174.1463 GeV)
  [PASS] delta_std = 65.905 deg (retained CKM CP phase)  (delta_std = 65.905157 deg)
  [PASS] alpha_LM = 0.0907 (retained UV coupling)  (alpha_LM = 0.0907)
  [PASS] 1/sqrt(6) = 0.408248... (Ward identity retained value)  (1/sqrt(6) = 0.4082482904638631)

==============================================================================
Block 9: Combined Class #6 x Class #7 C_3-breaking closure
==============================================================================
  [PASS] Class #6 (explicit C_3 breaking): Outcome D, closed  (no retained operator breaks C_3 at Lagrangian level)
  [PASS] Class #7 (spontaneous C_3 breaking): Outcome D, closed  (no retained vacuum state breaks C_3 on H_hw=1)
  [PASS] Combined: C_{3[111]} is exact at BOTH Lagrangian AND vacuum levels  (complete closure of generation-C_3-breaking primitive question)

==============================================================================
Block 10: Observational pin count unchanged by Class #7 (still 9)
==============================================================================
  [PASS] Total pins required to close fermion mass matrix: 9 (unchanged from Class #6)  (3 species x 3 gens = 9 pins)
  [PASS] Class #7 does NOT reduce pin count (no spontaneous rescue of Outcome A)  (Yukawa unification remains empirically falsified 33x on m_b)

==============================================================================
Block 11: No modification of retained upstream notes
==============================================================================
  [PASS] All upstream retained notes and publication surface unchanged  (upstream checks = 12/12)

==============================================================================
Block 12: Outcome D verdict explicit (retained no-go)
==============================================================================
  [PASS] All six paths (A-F) close negatively on the retained surface  (closed = 6/6)
  [PASS] Outcome D: retained spontaneous C_3 breaking does NOT exist  (retained no-go; complements Class #6 explicit no-go)
  [PASS] Missing primitives sharpened by Class #7 analysis (2 updated)  (updated primitives: 2)

==============================================================================
Block 13: Final retention verdict -- Outcome D (retained no-go)
==============================================================================
  [PASS] Outcome D fully documented  (verdict components = 9/9)

==============================================================================
RESULT: PASS=41, FAIL=0
==============================================================================

All checks PASS. Outcome D (retained no-go) documented.
Retained spontaneous C_{3[111]}-breaking mechanism does NOT exist
on the current Cl(3)/Z^3 surface. Combined with Class #6 explicit
no-go, C_{3[111]} is exact at both Lagrangian and vacuum levels.
Nine observational pins (3 species x 3 gens) remain required.

