========================================================================
YT P1 — I_1 lattice-PT symbolic decomposition
========================================================================

Block 1: Feynman-rule structural form.
  [PASS] Staggered fermion propagator denominator matches sum sin^2(k_mu a)/a^2  (D_psi=1.3360686827 vs expected 1.3360686827)
  [PASS] Wilson plaquette gluon propagator denominator matches (4/a^2) sum sin^2(k/2)  (D_g=1.6923172486 vs expected 1.6923172486)
  [PASS] Staggered denominator -> k^2 in continuum limit  (ratio D_psi/k^2 = 0.999999)
  [PASS] Wilson gluon denominator -> k^2 in continuum limit  (ratio D_g/k^2 = 1.000000)

Block 2: 1-loop diagram count in the C_F channel.
  [PASS] Z_S has exactly 3 topologies (sandwich + left-leg + right-leg SE)  (diagrams = ('D_S1_sandwich', 'D_S2_left_leg_SE', 'D_S3_right_leg_SE'))
  [PASS] Z_V (conserved) has 3 topologies (vertex + left-leg + right-leg SE)  (diagrams = ('D_V1_vertex', 'D_V2_left_leg_SE', 'D_V3_right_leg_SE'))
  [PASS] Left- and right-leg self-energies are mirror-symmetric  (D_S2 <-> D_S3 by charge-conjugation mirror on amputated 2-point)

Block 3: Conserved vector current (lattice Ward identity).
  [PASS] Z_V^conserved = 1 at tree level  (Z_V^tree = 1.0)
  [PASS] Lattice Ward identity forces I_V = 0 for conserved current at 1-loop  (I_V = 0.0)
  [PASS] Non-conserved local current V_L does NOT give Z_V = 1 (documented)  (V_L is NOT the retained canonical surface for the Yukawa/gauge ratio)

Block 4: Color-factor retained structure.
  [PASS] N_c = 3  (N_c = 3)
  [PASS] C_F = 4/3 (retained from SU(N_c) Fierz, D12)  (C_F = 1.3333333333)
  [PASS] C_A = 3  (C_A = 3.0000000000)
  [PASS] T_F = 1/2  (T_F = 0.5000000000)
  [PASS] I_1 = I_S - I_V structurally (retained decomposition)  (Delta_R|_C_F-piece = C_F * I_1 with I_1 = I_S - I_V)
  [PASS] On retained conserved-current surface, I_1 = I_S (since I_V = 0)  (I_1 reduces to the single scalar-bilinear BZ integral I_S)

Block 5: Numerical scale check under standard fundamental-Yukawa.
  [PASS] alpha_LM matches canonical-surface retention  (alpha_LM = 0.0906678360)
  [PASS] delta_PT from I_1 = 2 matches packaged 1.92 percent scale  (delta_PT(I_1=2) = 0.019240; packaged = 0.019240)
  [PASS] Numerical scale check: packaged delta_PT ~ 1.92 percent  (delta_PT = 1.9240 percent)
  [PASS] Composite H_unit value of I_1 is NOT claimed framework-native  (framework-specific I_1 for H_unit on Q_L is EXTERNAL / OPEN)
  [PASS] alpha/(4 pi) normalization: solving for I_1 gives exactly 2  (solved I_1 = 2.0000000000)

========================================================================
SUMMARY: PASS=21  FAIL=0
========================================================================

Retained symbolic / structural result:
  I_1 = I_S - I_V
  I_V = 0 on the retained conserved-current surface
  =>  I_1 = I_S
  (C_F color factor retained, FP4; composite-Higgs inheritance, FP5)

What remains external / open:
  - the numerical BZ integral value of I_S for the composite H_unit
    operator on the Q_L block of the Wilson-staggered canonical surface
  - the C_A (I_2) and T_F n_f (I_3) pieces of Delta_R
  - closure of P1 (this note is a symbolic refinement only)

Numerical scale check (NOT framework-native claim):
  under standard-fundamental I_1 = 2, delta_PT = 1.9240 percent (matches packaged P1 ~ 1.92 percent)
