========================================================================
P3 K-series framework-native geometric tail bound -- runner
Date: 2026-04-17
Authority: YT_P3_K_SERIES_GEOMETRIC_BOUND_NOTE_2026-04-17.md
========================================================================

========================================================================
PART A: Retained SU(3) Casimirs and derived scale
========================================================================

  C_F                         = 4/3  = 1.3333333333
  T_F                         = 1/2  = 0.5000000000
  C_A                         = 3  = 3.0000000000
  C_A^2                       = 9  = 9.0000000000
  alpha_s(m_t)                = 0.107900
  alpha_s/pi                  = 0.03434564
  [PASS] Retained C_F = 4/3 at SU(3)  (value = 4/3)
  [PASS] Retained T_F = 1/2 at SU(3)  (value = 1/2)
  [PASS] Retained C_A = 3 at SU(3)  (value = 3)
  [PASS] Derived C_A^2 = 9 at SU(3) (sets the bound scale)  (value = 9)
  [PASS] Retained b_0 = (11 C_A - 4 T_F n_l)/3 = 23/3 at n_l = 5  (b_0 = 23/3)

  b_0 (retained, cross-check only) = 23/3  ≈ 7.666667

========================================================================
PART B: Observed delta_n and empirical ratios at alpha_s(m_t)
========================================================================

  delta_1 = K_1 * (a/pi)      = 0.04579418
  delta_2 = K_2 * (a/pi)^2    = 0.01290566
  delta_3 = K_3 * (a/pi)^3    = 0.00325760

  r_1 = delta_2/delta_1       = 0.281819
  r_2 = delta_3/delta_2       = 0.252416
  max(r_1, r_2)               = 0.281819
  [PASS] Observed delta_1 > delta_2 > delta_3 > 0 (monotone decrease)  (delta = (0.04579, 0.01291, 0.00326))
  [PASS] Observed r_1 = 0.2818 to three decimals  (r_1 = 0.2818)
  [PASS] Observed r_2 = 0.2524 to three decimals  (r_2 = 0.2524)
  [PASS] Observed r_2 < r_1 (monotone ratio decrease)  (r_2 - r_1 = -0.0294)
  [PASS] Observed ratios are strictly less than unity (series converging)  (r_1 = 0.2818, r_2 = 0.2524)

========================================================================
PART C: Framework-native ratio bound r_bound = (a/pi) * C_A^2
========================================================================

  r_bound = (a/pi) * C_A^2    = 0.034346 * 9
                              = 0.30911073
  max(r_1, r_2)               = 0.281819
  safety margin               = r_bound / max(r_obs) = 1.0968

  Candidate envelope comparison (retained quantities only):
    candidate                       value  envelopes max(r_obs) = 0.2818?
    --------------------------------------------------------------
    (a/pi) * C_A                 0.103037  NO 
    (a/pi) * (C_F + C_A)         0.148831  NO 
    (a/pi) * 2 C_A               0.206074  NO 
    (a/pi) * b_0                 0.263317  NO 
    (a/pi) * C_A^2               0.309111  YES
    (a/pi) * 4 C_A               0.412148  YES
    (a/pi) * (b_0 + C_A)         0.366353  YES
  [PASS] Framework-native bound r_bound > max(r_1, r_2) (envelope property)  (r_bound = 0.3091, max(r_obs) = 0.2818)
  [PASS] Framework-native bound r_bound > r_1 specifically  (r_bound = 0.3091, r_1 = 0.2818)
  [PASS] Framework-native bound r_bound > r_2 specifically  (r_bound = 0.3091, r_2 = 0.2524)
  [PASS] Safety margin r_bound / max(r_obs) in [1.0, 1.2] (not saturated, not arbitrarily large)  (margin = 1.0968)
  [PASS] Geometric-sum convergence r_bound < 1  (r_bound = 0.3091)
  [PASS] r_bound derived from retained SU(3) C_A^2 and retained alpha_s anchor only  (structural retention provenance verified)
  [PASS] Tight candidate (a/pi) * C_A fails envelope (justifying C_A^2 choice)  ((a/pi)*C_A = 0.1030 < max(r_obs) = 0.2818)

========================================================================
PART D: Geometric tail residual at truncation N = 3
========================================================================

  delta_3                     = 0.00325760
  r_bound / (1 - r_bound)     = 0.447410
  |tail(N=3)|  <=  delta_3 * r_bound / (1 - r_bound)
               =  0.00145748

  cumulative retained delta_1+2+3 = 0.061957
  m_pole/m_MSbar (retained through 3) = 1.061957
  fractional tail contribution to m_t = 0.001372  (0.137%)
  [PASS] Geometric tail at N=3 exceeds observed delta_3 (bound is larger)  (tail = 0.001457, delta_3 = 0.003258)
  [PASS] Geometric tail at N=3 = 0.001458 +- 0.0001  (tail = 0.001457)
  [PASS] Fractional tail contribution to m_t is at most 0.3% (packaged P3 budget)  (frac = 0.001372 = 0.137%)
  [PASS] Fractional tail contribution to m_t is within factor 2 of packaged 0.3%  (frac = 0.001372)

  Retention-tightening table (tail at truncation N):
      N       delta_N    |tail(N)| <= delta_N * r/(1-r)
    ----------------------------------------------------
      1    0.04579418                        0.02048877
      2    0.01290566                        0.00577412
      3    0.00325760                        0.00145748

========================================================================
PART E: Cross-consistency with single-next-term K_3 bound
========================================================================

  Single-next-term bound (prior K_3 note):
    |delta_4|  <=  delta_3 * (delta_3/delta_2)
               =  0.00325760 * 0.252416
               =  8.22271485e-04

  Geometric tail bound (this note):
    |tail(N=3)|  =  0.00145748
  [PASS] Geometric tail >= single-next-term delta_4 (geometric bound controls full tail)  (tail = 0.001457, d4_next = 8.222715e-04)
  [PASS] Geometric tail not more than 3x single-next-term (bounds are comparable)  (ratio = 1.7725)

  Retention fraction (geometric bound)         = 0.977017
  Retention fraction (single-next-term bound)  = 0.986902
  [PASS] Retention fraction (geometric) >= 0.95 (defensible floor)  (fraction = 0.977017)

========================================================================
PART F: Structural retention provenance
========================================================================

  Retained inputs used by this bound:
    - SU(3) Casimir C_A = 3  (from YT_EW_COLOR_PROJECTION_THEOREM.md D7)
    - derived product C_A^2 = 9  (exact rational at SU(3))
    - alpha_s(m_t) = 0.1079   (from ALPHA_S_DERIVED_NOTE.md)
    - K_1, K_2, K_3 carried from prior retention notes

  NOT used by this bound:
    - any literature value of K_4 or higher
    - any non-retained empirical parameter
    - any external numerical input beyond the SU(3) Casimir algebra
      and the retained alpha_s anchor.
  [PASS] Bound input C_A^2 is a retained SU(3) Casimir product (exact rational)  (C_A^2 = 9 at SU(3))
  [PASS] Bound input alpha_s(m_t) is retained from ALPHA_S_DERIVED_NOTE.md  (alpha_s(m_t) = 0.1079)
  [PASS] No literature value of K_4 or higher imported  (runner does not reference any K_n for n >= 4)
  [PASS] Prior K_1, K_2, K_3 retention notes are the sole upstream sources  (retention lineage: K_1 note + K_2 note + K_3 note + alpha_s note)

========================================================================
SUMMARY: PASS=28  FAIL=0
========================================================================

Framework-native ratio bound  r_bound = (a/pi) * C_A^2 = 0.309111
Observed max ratio            max(r_1,r_2)           = 0.281819
Geometric tail at N=3         |tail|                = 0.001457
Fractional tail on m_t        |tail|/m_pole_ratio   = 0.001372  (0.137%)
Packaged P3 budget comparison                        ~0.3% (within factor 2)

(Bound depends only on retained SU(3) Casimir C_A and retained alpha_s;
 no literature value of K_4 or higher is imported.)
