YT retention landing readiness runner — 2026-04-18
========================================================================

--- Section 1: cross-reference integrity sweep ---

Scanning 38 session-dated YT notes for Markdown link integrity.
Total repo-internal links resolved: 713
[PASS] cross-reference integrity: 0 UNEXPECTED broken links across 38 notes (5 expected broken links: intentionally EMBEDDED-only P1.4 references)
   [tolerated] note=docs/YT_P1_SHARED_FIERZ_NO_GO_SUB_THEOREM_NOTE_2026-04-17.md -> docs/YT_P1_I1_LATTICE_PT_SYMBOLIC_DECOMPOSITION_NOTE_2026-04-17.md
   [tolerated] note=docs/YT_UV_TO_IR_TRANSPORT_OBSTRUCTION_THEOREM_NOTE_2026-04-17.md -> docs/YT_P1_I1_LATTICE_PT_SYMBOLIC_DECOMPOSITION_NOTE_2026-04-17.md
   [tolerated] note=docs/YT_UV_TO_IR_TRANSPORT_OBSTRUCTION_THEOREM_NOTE_2026-04-17.md -> YT_P1_I1_LATTICE_PT_SYMBOLIC_DECOMPOSITION_NOTE_2026-04-17.md
   [tolerated] note=docs/YT_RETENTION_LANDING_READINESS_2026-04-18.md -> docs/YT_P1_I1_LATTICE_PT_SYMBOLIC_DECOMPOSITION_NOTE_2026-04-17.md
   [tolerated] note=docs/YT_RETENTION_MASTER_MANIFEST_2026-04-18.md -> docs/YT_P1_I1_LATTICE_PT_SYMBOLIC_DECOMPOSITION_NOTE_2026-04-17.md

--- Section 2: runner PASS / FAIL tally ---

Scanned 39 yt_*.log files under logs/retained/

Per-pillar tally:

  Pillar A (P1+P2+P3 primitives):       runners= 26  PASS=  868  FAIL=  0
  Pillar B (retention-analysis classes):runners= 11  PASS=  595  FAIL=  0
  Pillar C (manifest + boundary):       runners=  2  PASS=  154  FAIL=  0

Grand totals: PASS = 1617, FAIL = 0
[PASS] aggregate tally: 1617 PASS markers, 0 FAIL across 39 runners

Per-runner breakdown:
  [OK] pillar=B PASS=  52 FAIL=  0 yt_bottom_yukawa_retention_2026-04-18.log
  [OK] pillar=B PASS=  79 FAIL=  0 yt_class_3_susy_2hdm_2026-04-18.log
  [OK] pillar=B PASS=  56 FAIL=  0 yt_class_5_non_ql_yukawa_2026-04-18.log
  [OK] pillar=B PASS=  43 FAIL=  0 yt_class_6_c3_breaking_2026-04-18.log
  [OK] pillar=B PASS=  41 FAIL=  0 yt_class_7_spontaneous_c3_2026-04-18.log
  [OK] pillar=B PASS=  69 FAIL=  0 yt_ew_delta_r_retention_2026-04-18.log
  [OK] pillar=B PASS=  51 FAIL=  0 yt_generation_hierarchy_primitive_2026-04-18.log
  [OK] pillar=B PASS=  79 FAIL=  0 yt_h_unit_flavor_column_2026-04-18.log
  [OK] pillar=A PASS=  50 FAIL=  0 yt_p1_bz_quadrature_2_loop_full_staggered_pt_2026-04-18.log
  [OK] pillar=A PASS=  45 FAIL=  0 yt_p1_bz_quadrature_full_staggered_pt_2026-04-18.log
  [OK] pillar=A PASS=  40 FAIL=  0 yt_p1_bz_quadrature_numerical_2026-04-18.log
  [OK] pillar=A PASS=   5 FAIL=  0 yt_p1_color_factor_retention_2026-04-17.log
  [OK] pillar=A PASS=  55 FAIL=  0 yt_p1_delta_1_bz_2026-04-17.log
  [OK] pillar=A PASS=  42 FAIL=  0 yt_p1_delta_2_bz_2026-04-17.log
  [OK] pillar=A PASS=  51 FAIL=  0 yt_p1_delta_3_bz_2026-04-17.log
  [OK] pillar=A PASS=  79 FAIL=  0 yt_p1_delta_r_2_loop_extension_2026-04-18.log
  [OK] pillar=A PASS=  68 FAIL=  0 yt_p1_delta_r_master_assembly_2026-04-18.log
  [OK] pillar=A PASS=  31 FAIL=  0 yt_p1_delta_r_sm_rge_crosscheck_2026-04-18.log
  [OK] pillar=A PASS=  48 FAIL=  0 yt_p1_h_unit_renormalization_2026-04-17.log
  [OK] pillar=A PASS=  21 FAIL=  0 yt_p1_i1_lattice_pt_symbolic_2026-04-17.log
  [OK] pillar=A PASS=  33 FAIL=  0 yt_p1_i_s_lattice_pt_citation_2026-04-17.log
  [OK] pillar=A PASS=  38 FAIL=  0 yt_p1_i_s_revision_verification_2026-04-17.log
  [OK] pillar=A PASS=  43 FAIL=  0 yt_p1_loop_geometric_bound_2026-04-17.log
  [OK] pillar=A PASS=  45 FAIL=  0 yt_p1_rep_ab_cancellation_2026-04-17.log
  [OK] pillar=A PASS=   4 FAIL=  0 yt_p1_shared_fierz_no_go_2026-04-17.log
  [OK] pillar=A PASS=  48 FAIL=  0 yt_p2_f_yt_loop_geometric_bound_2026-04-17.log
  [OK] pillar=A PASS=  12 FAIL=  0 yt_p2_taste_staircase_beta_2026-04-17.log
  [OK] pillar=A PASS=  12 FAIL=  0 yt_p2_taste_staircase_transport_2026-04-17.log
  [OK] pillar=A PASS=  12 FAIL=  0 yt_p2_v_matching_2026-04-17.log
  [OK] pillar=A PASS=  30 FAIL=  0 yt_p3_k2_integrals_2026-04-17.log
  [OK] pillar=A PASS=  28 FAIL=  0 yt_p3_k_series_geometric_bound_2026-04-17.log
  [OK] pillar=A PASS=   4 FAIL=  0 yt_p3_msbar_to_pole_k1_2026-04-17.log
  [OK] pillar=A PASS=   6 FAIL=  0 yt_p3_msbar_to_pole_k2_2026-04-17.log
  [OK] pillar=A PASS=  18 FAIL=  0 yt_p3_msbar_to_pole_k3_2026-04-17.log
  [OK] pillar=C PASS= 149 FAIL=  0 yt_retention_manifest_2026-04-18.log
  [OK] pillar=B PASS=  58 FAIL=  0 yt_right_handed_species_dependence_2026-04-18.log
  [OK] pillar=B PASS=  48 FAIL=  0 yt_species_uniformity_extent_2026-04-18.log
  [OK] pillar=B PASS=  19 FAIL=  0 yt_ssb_matching_gap_2026-04-18.log
  [OK] pillar=C PASS=   5 FAIL=  0 yt_uv_to_ir_transport_obstruction_2026-04-17.log

--- Section 3: anomaly summary ---

[PASS] anomaly scan: no anomalies detected

--- Section 4: headline retained values (reviewer readout) ---

  Δ_R canonical central (1-loop, full staggered-PT):   -3.77 % ± 0.45 %
  Δ_R literature-cited (1-loop; superseded):           -3.27 % ± 2.32 %
  Δ_R through-2-loop (bound-constrained, lit base):    -3.99 % ± 0.70 %
  Δ_R through-2-loop (bound-constrained, full-PT base):≤ -4.60 % ± 0.84 %
  m_t(pole) YT-lane (1-loop, canonical):               172.57 ± 6.50 GeV
  m_t(pole) YT-lane (through-2-loop, structural):      172.57 ± 6.9  GeV
  m_t(pole) observed (PDG):                            172.69 GeV
  P2 residual (3-loop tail, F_yt bound):               0.15 %
  P3 residual (K_n tail):                              0.137 %

[PASS] landing readiness runner complete
