========================================================================
YT Species-Uniformity Falsification-Extent Analysis
========================================================================

Extending the b-quark retention analysis to ALL 9 charged fermions
(6 quarks + 3 charged leptons) under the retained Block 6 species-
uniform Ward BC: y_s(M_Pl) = g_s(M_Pl)/sqrt(6) for all species s.

Full coupled SM 2-loop RGE (9 Yukawas + 3 gauge couplings).

Block 1: Retained SU(3) Casimirs and canonical-surface anchors.
  [PASS] N_C * N_iso = 6 (Q_L block dimension)  (dim(Q_L) = 6)
  [PASS] alpha_LM = 0.09067 +/- 1e-4 (canonical lattice surface)  (alpha_LM = 0.0906678360)
  [PASS] alpha_s(v) = 0.1033 +/- 1e-4 (CMT canonical value)  (alpha_s(v) = 0.1033038161)
  [PASS] g_3(M_Pl) = sqrt(4 pi alpha_LM) = 1.067 +/- 1e-3  (g_3(M_Pl) = 1.067411)
  [PASS] y_Ward(M_Pl) = g_3/sqrt(6) = 0.4358 +/- 5e-4 (species-uniform)  (y_Ward(M_Pl) = 0.435769)

Block 2: Observed masses (PDG 2024) for comparison.
  [PASS] m_u(2 GeV) observed = 2.16 MeV  (m_u = 2.160 MeV)
  [PASS] m_d(2 GeV) observed = 4.67 MeV  (m_d = 4.670 MeV)
  [PASS] m_s(2 GeV) observed = 93.4 MeV  (m_s = 93.4 MeV)
  [PASS] m_c(m_c) observed = 1.27 GeV  (m_c = 1.270 GeV)
  [PASS] m_b(m_b) observed = 4.18 GeV  (m_b = 4.180 GeV)
  [PASS] m_t(pole) observed = 172.69 GeV  (m_t = 172.690 GeV)
  [PASS] m_e observed = 0.511 MeV  (m_e = 0.5110 MeV)
  [PASS] m_mu observed = 105.66 MeV  (m_mu = 105.658 MeV)
  [PASS] m_tau observed = 1.777 GeV  (m_tau = 1.7769 GeV)

Block 3: Backward scan for species-uniform Ward BC at M_Pl.
  Convention: target = RGE-transported g_s(M_Pl)/sqrt(6) at M_Pl,
  matching frontier_yt_bottom_yukawa_retention.py Block 7 default.

  [PASS] Backward scan converged (<=100 iterations)  (iterations = 4)
  [PASS] Mean of 9 Yukawas at M_Pl matches g_s(M_Pl)/sqrt(6) target (RGE target)  (mean_y(M_Pl) = 0.1986, target = 0.1989)
  [PASS] y_common(v) found in physical range 0.20-0.70 (QFP regime, 9-Yukawa)  (y_common(v) = 0.3420)
  Converged: y_common(v) = 0.3420
  At M_Pl: g_s = 0.4871, y_mean = 0.1986
  (target RGE g_s/sqrt(6) = 0.1989)
  (lattice target Y_WARD_PL = 0.4358 for cross-check)

Block 4: Per-species y(M_Pl) under the equal-y_v BC (asymmetry check).

  species      y(M_Pl)      sector
  --------  ----------  ----------
  u             0.1284    up-quark
  c             0.1284    up-quark
  t             0.1284    up-quark
  d             0.1340    dn-quark
  s             0.1340    dn-quark
  b             0.1340    dn-quark
  e             0.3334      lepton
  mu            0.3334      lepton
  tau           0.3334      lepton

  [PASS] Within-sector uniformity: 3 up-quarks all equal at M_Pl  (up-quark y(M_Pl) = 0.128433 (uniform))
  [PASS] Within-sector uniformity: 3 down-quarks all equal at M_Pl  (down-quark y(M_Pl) = 0.134045 (uniform))
  [PASS] Within-sector uniformity: 3 leptons all equal at M_Pl  (lepton y(M_Pl) = 0.333399 (uniform))
  [PASS] Cross-sector: lepton y(M_Pl) > quark y(M_Pl) (QCD drag absent for leptons)  (lepton 0.3334 vs up-quark 0.1284)
  [PASS] Species uniformity at M_Pl BROKEN by RGE (lepton/quark ratio >= 1.5)  (lepton/up-quark y(M_Pl) ratio = 2.60)

Block 5: Per-species mass predictions (species-uniform BC, coupled RGE).
  Under species-uniform BC: y_s(v) = 0.3420 for all 9 species
  Predicted m_s = y_s(v) * v/sqrt(2) = 59.56 GeV (COMMON)

  species   m_pred [GeV]    m_obs [GeV]         ratio  log10(ratio)
  --------  ------------  -------------  ------------  ------------
  u                59.56        0.00216     2.758e+04         4.441
  c                59.56           1.27          46.9         1.671
  t                59.56          172.7        0.3449        -0.462
  d                59.56        0.00467     1.275e+04         4.106
  s                59.56         0.0934         637.7         2.805
  b                87.59           4.18         20.96         1.321
  e                59.56       0.000511     1.166e+05         5.067
  mu               59.56         0.1057         563.7         2.751
  tau              59.56          1.777         33.52         1.525

Block 6: Quantitative falsification-extent analysis.

  [PASS] Zero species survive within factor 2 of observation  (0/9 species within factor 2 of observed mass)
  [PASS] At least 8 of 9 species falsified by >=10x (1+ orders of magnitude)  (8/9 species fail by >=10x)
  [PASS] Lightest species (e, u, d) falsified by 10^4-10^5 (massive overshoot)  (e: 1.2e+05, u: 2.8e+04, d: 1.3e+04)
  [PASS] Top (heaviest) undershoots observation by 2-4x (factor)  (t: predicted 59.6 GeV vs observed 172.7 GeV, ratio 0.345)
  [PASS] Bottom falsification 15-45x (species-uniform extent)  (b: ratio = 21.0x)

  Per-species falsification extent (forward prediction / observed):

    u    : 2.8e+04x OVERSHOOT     (10^+4)
    c    : 47x OVERSHOOT          (10^+2)
    t    : 2.9x UNDERSHOOT        (10^+0)
    d    : 1.3e+04x OVERSHOOT     (10^+4)
    s    : 6.4e+02x OVERSHOOT     (10^+3)
    b    : 21x OVERSHOOT          (10^+1)
    e    : 1.2e+05x OVERSHOOT     (10^+5)
    mu   : 5.6e+02x OVERSHOOT     (10^+3)
    tau  : 34x OVERSHOOT          (10^+2)

Block 7: Top-only species-privileged BC vs species-uniform BC.
  Top-only: y_t(M_Pl) targets the LATTICE Ward value Y_WARD_PL = 0.436,
  other Yukawas fixed at observed y(v).  This reproduces the retained
  framework's prior top-only convention (172.57 GeV).

  [PASS] Top-only linear scan completed  (best y_t(v) = 0.9769)
  Top-only: y_t(v) = 0.9769, y_t(M_Pl)_RGE = 0.4364 (lattice target 0.4358)
  m_t_bare = y_t(v) * v/sqrt(2) = 170.13 GeV
  m_t_phys = m_t_bare * sqrt(8/9) = 160.40 GeV
  (Retained framework prior: m_t(pole) = 172.57 GeV)
  [PASS] Top-only retained m_t prediction ~ 148-190 GeV (reproduces 172.57)  (m_t^{top-only, phys} = 160.40 GeV)
  [PASS] Top-only y_t(v) ~ 0.88-1.15 (near observed 0.92, NOT the QFP 0.55)  (y_t(v) top-only = 0.9769)
  [PASS] Species-privileged y_t(v) differs from species-uniform y_common(v) by >30%  (top-only 0.977 vs uniform 0.342, diff = 65.0%)

Block 8: Does retained m_t = 172.57 GeV survive species-uniform BC?

  Species-uniform BC: y_t(v) = 0.3420 (vs top-only 0.9769)
  m_t_bare = 59.56 GeV (vs top-only 170.13)
  m_t_phys = 56.16 GeV (vs retained 172.57)

  [PASS] Species-uniform m_t_phys <= 115 GeV (significantly below retained 172.57)  (m_t_phys^{uniform} = 56.16 GeV)
  [PASS] m_t^{uniform} / m_t^{top-only} <= 0.70 (>=30% discount)  (ratio = 0.350)
  [PASS] Retained m_t = 172.57 GeV is species-PRIVILEGED, not species-uniform  (species-uniform gives 56.2 GeV, top-only gives 160.4 GeV)

Block 9: Single-species-decoupled scan for each species.
  y_s(v) scanned with all OTHER 8 Yukawas set to ZERO at v,
  then running backward to M_Pl targeting LATTICE Ward value.
  (Same target convention as the retained top-only prediction.)

  Compare single-species-decoupled y_s(v) to coupled y_common(v).

  species   y(v)_decoupled  y(v)_coupled        diff
  --------  --------------  ------------  ----------
  u                 0.9694        0.3420     183.42%
  c                 0.9694        0.3420     183.42%
  t                 0.9694        0.3420     183.42%
  d                 0.9510        0.3420     178.05%
  s                 0.9510        0.3420     178.05%
  b                 0.9510        0.3420     178.05%
  e                 0.5286        0.3420      54.54%
  mu                0.5286        0.3420      54.54%
  tau               0.5286        0.3420      54.54%

  [PASS] Decoupled y_t(v) > coupled y_common(v) (T-trace drag removed)  (decoupled 0.969 vs coupled 0.342)
  [PASS] Decoupled-top m_t_phys within 25% of retained 172.57 GeV  (m_t (decoupled, phys) = 159.2 GeV vs retained 172.57)
  [PASS] Decoupled y_tau(v) < decoupled y_t(v) (QCD absent for leptons)  (y_tau_dec = 0.5286, y_t_dec = 0.9694)

Block 10: Three-way comparison — species-uniform, top-privileged, decoupled.

  species    m_obs [GeV]   m_uniform [GeV]   m_decoupled [GeV]   m_obs / m_uniform
  ------  -------------  ----------------  ------------------  ------------------
  u             0.00216             59.56               168.8           3.626e-05
  c                1.27             59.56               168.8             0.02132
  t               172.7             59.56               159.2               2.899
  d             0.00467             59.56               165.6            7.84e-05
  s              0.0934             59.56               165.6            0.001568
  b                4.18             87.59               243.6             0.04772
  e            0.000511             59.56               92.05           8.579e-06
  mu             0.1057             59.56               92.05            0.001774
  tau             1.777             59.56               92.05             0.02983

  [PASS] Under coupled species-uniform BC, all 9 species predict m ~ 50-110 GeV  (m_common = 59.6 GeV (at v))

Block 11: Retained-surface scope boundary.
  [PASS] Species-uniform BC is a GENUINE framework-native retained prediction  (derived from Block 6 Clebsch-Gordan uniformity + flavor-blind Delta_R)
  [PASS] m_t = 172.57 GeV requires species-PRIVILEGED BC (not species-uniform)  (species-uniform gives 56.2 GeV (-67% from 172.57))
  [PASS] Charged-lepton bounded package (CHARGED_LEPTON_REVIEW_2026-04-17) unchanged  (3 named missing primitives inherited as-is)
  [PASS] Top-only m_t prediction retention status: inherits species-privilege  (species-privilege is an unmarked input; Ward theorem is species-uniform)

Block 12: Safe-claim boundary verification.
  [PASS] Ward-identity tree-level theorem unchanged  (Block 6 species uniformity inherited, not modified)
  [PASS] Bottom-quark retention analysis note unchanged  (33x falsification on m_b inherited, not modified)
  [PASS] Charged-lepton bounded package unchanged  (19 runners 518 PASS / 0 FAIL inherited)
  [PASS] No modification to retained Delta_R master assembly  (-3.27% central + 1-sigma band inherited)
  [PASS] No modification to publication-surface files  (this note is a retention-analysis note only)
  [PASS] No neutrino Yukawa analysis (separate boundary package)  (neutrino Yukawas have separate retained support packet, not analyzed here)

========================================================================
Summary
========================================================================
  Total: PASS = 48, FAIL = 0

Verdict: Species-uniform BC falsifies ALL 9 charged-fermion masses.

  Species-uniform BC: y_s(M_Pl) = 0.4358 for all 9 species.
  Backward-scan converged: y_common(v) = 0.3420
  Common predicted mass at v: m_common = 59.56 GeV

  Per-species ratio (framework / observed):
    u    : 2.8e+04x over
    c    : 47x over
    t    : 1/2.9x = 2.9x under
    d    : 1.3e+04x over
    s    : 6.4e+02x over
    b    : 21x over
    e    : 1.2e+05x over
    mu   : 5.6e+02x over
    tau  : 34x over

  No species prediction survives within factor 2 of observation.
  Retained m_t(pole) = 172.57 GeV requires SPECIES-PRIVILEGED BC
  (y_t at Ward value, all others at observed), NOT species-uniform.

  Retained top-only m_t_phys = 160.4 GeV (reproduces retained 172.57)
  Species-uniform m_t_phys  = 56.2 GeV (-67% from retained)

  Block 6 species uniformity applied to ALL 9 charged fermions is
  EMPIRICALLY FALSIFIED by 1-5 orders of magnitude per species.

All retention-analysis checks PASS.
