========================================================================
YT SSB matching-gap arithmetic boundary verifier
========================================================================

=== Block 1: canonical dimensions ===

  [PASS] 1.1  N_iso is positive  (N_iso=2)
  [PASS] 1.2  N_c is positive  (N_c=3)
  [PASS] 1.3  D = N_iso * N_c = 6  (D=6)
  [PASS] 1.4  H_unit prefactor = 1/sqrt(6)  (prefactor=0.408248290464)

=== Block 2: explicit H_unit matrix form ===

  [PASS] 2.1  all six diagonal entries equal 1/sqrt(6)  (diag entries=[0.408248290464, 0.408248290464, 0.408248290464, 0.408248290464, 0.408248290464, 0.408248290464])
  [PASS] 2.2  all off-diagonal entries vanish  (off-diagonal count=30)
  [PASS] 2.3  trace(H_unit) = sqrt(6)  (trace=2.449489742783)

=== Block 3: component overlap theorem ===

  [PASS] 3.1  every basis component overlap is 1/sqrt(6)  (overlaps=[0.408248290464, 0.408248290464, 0.408248290464, 0.408248290464, 0.408248290464, 0.408248290464])
  [PASS] 3.2  two labels defined as the same H_unit component overlap agree  (A=0.408248290464, B=0.408248290464)
  [PASS] 3.3  the shared component value is 1/sqrt(6)  (value=0.408248290464)

=== Block 4: general positive-dimension spot checks ===

  [PASS] 4.1  (N_iso,N_c)=(3,4) gives 1/sqrt(12) on every component  (value=0.288675134595)
  [PASS] 4.2  (N_iso,N_c)=(1,1) gives component overlap 1  (value=1.000000000000)

=== Block 5: forbidden physical-readout imports are absent ===

  [PASS] 5.1  algebraic proof uses no gauge-coupling/readout symbols  (leaked=[])
  [PASS] 5.2  runner does not claim physical Yukawa matching closure
  [PASS] 5.3  HS/source normalization remains outside this proof
  [PASS] 5.4  SSB VEV division remains outside this proof
  [PASS] 5.5  chirality projection remains outside this proof
  [PASS] 5.6  LSZ/external-state normalization remains outside this proof
  [PASS] 5.7  absence of extra physical factors remains outside this proof

========================================================================
RESULT: 19 PASS, 0 FAIL
========================================================================

  OUTCOME: exact H_unit component-overlap arithmetic verified.
  Framework instance: <component|H_unit|component> = 1/sqrt(6).
  Boundary: this does NOT close the physical SSB/Yukawa matching
  theorem; that operator-matching problem remains open.

